Flutter crash report.
Please report a bug at https://github.com/flutter/flutter/issues.

## command

flutter run

## exception

RPCError: ext.flutter.debugDumpRenderTree: (-32000) Server error
{"exception":"Null check operator used on a null value","stack":"#0      ScrollPosition.pixels (package:flutter/src/widgets/scroll_position.dart:253:31)\n#1      _RenderSingleChildViewport._paintOffset (package:flutter/src/widgets/single_child_scroll_view.dart:510:61)\n#2      _RenderSingleChildViewport.debugFillProperties (package:flutter/src/widgets/single_child_scroll_view.dart:685:58)\n#3      DiagnosticableNode.builder.<anonymous closure> (package:flutter/src/foundation/diagnostics.dart:2856:17)\n#4      DiagnosticableNode.builder (package:flutter/src/foundation/diagnostics.dart:2859:8)\n#5      DiagnosticableNode.style (package:flutter/src/foundation/diagnostics.dart:2866:70)\n#6      DiagnosticsNode.textTreeConfiguration (package:flutter/src/foundation/diagnostics.dart:1720:12)\n#7      TextTreeRenderer._debugRender (package:flutter/src/foundation/diagnostics.dart:1357:26)\n#8      TextTreeRenderer.render (package:flutter/src/foundation/diagnostics.dart:1125:14)\n#9      TextTreeRenderer._debugRender (package:flutter/src/foundation/diagnostics.dart:1369:33)\n#10     TextTreeRenderer.render (package:flutter/src/foundation/diagnostics.dart:1125:14)\n#11     TextTreeRenderer._debugRender (package:flutter/src/foundation/diagnostics.dart:1369:33)\n#12     TextTreeRenderer.render (package:flutter/src/foundation/diagnostics.dart:1125:14)\n#13     TextTreeRenderer._debugRender (package:flutter/src/foundation/diagnostics.dart:1369:33)\n#14     TextTreeRenderer.render (package:flutter/src/foundation/diagnostics.dart:1125:14)\n#15     TextTreeRenderer._debugRender (package:flutter/src/foundation/diagnostics.dart:1369:33)\n#16     TextTreeRenderer.render (package:flutter/src/foundation/diagnostics.dart:1125:14)\n#17     TextTreeRenderer._debugRender (package:flutter/src/foundation/diagnostics.dart:1369:33)\n#18     TextTreeRenderer.render (package:flutter/src/foundation/diagnostics.dart:1125:14)\n#19     TextTreeRenderer._debugRender (package:flutter/src/foundation/diagnostics.dart:1369:33)\n#20     TextTreeRenderer.render (package:flutter/src/foundation/diagnostics.dart:1125:14)\n#21     TextTreeRenderer._debugRender (package:flutter/src/foundation/diagnostics.dart:1369:33)\n#22     TextTreeRenderer.render (package:flutter/src/foundation/diagnostics.dart:1125:14)\n#23     TextTreeRenderer._debugRender (package:flutter/src/foundation/diagnostics.dart:1369:33)\n#24     TextTreeRenderer.render (package:flutter/src/foundation/diagnostics.dart:1125:14)\n#25     TextTreeRenderer._debugRender (package:flutter/src/foundation/diagnostics.dart:1369:33)\n#26     TextTreeRenderer.render (package:flutter/src/foundation/diagnostics.dart:1125:14)\n#27     TextTreeRenderer._debugRender (package:flutter/src/foundation/diagnostics.dart:1390:33)\n#28     TextTreeRenderer.render (package:flutter/src/foundation/diagnostics.dart:1125:14)\n#29     TextTreeRenderer._debugRender (package:flutter/src/foundation/diagnostics.dart:1369:33)\n#30     TextTreeRenderer.render (package:flutter/src/foundation/diagnostics.dart:1125:14)\n#31     TextTreeRenderer._debugRender (package:flutter/src/foundation/diagnostics.dart:1369:33)\n#32     TextTreeRenderer.render (package:flutter/src/foundation/diagnostics.dart:1125:14)\n#33     TextTreeRenderer._debugRender (package:flutter/src/foundation/diagnostics.dart:1369:33)\n#34     TextTreeRenderer.render (package:flutter/src/foundation/diagnostics.dart:1125:14)\n#35     TextTreeRenderer._debugRender (package:flutter/src/foundation/diagnostics.dart:1369:33)\n#36     TextTreeRenderer.render (package:flutter/src/foundation/diagnostics.dart:1125:14)\n#37     TextTreeRenderer._debugRender (package:flutter/src/foundation/diagnostics.dart:1369:33)\n#38     TextTreeRenderer.render (package:flutter/src/foundation/diagnostics.dart:1125:14)\n#39     TextTreeRenderer._debugRender (package:flutter/src/foundation/diagnostics.dart:1369:33)\n#40     TextTreeRenderer.render (package:flutter/src/foundation/diagnostics.dart:1125:14)\n#41     TextTreeRenderer._debugRender (package:flutter/src/foundation/diagnostics.dart:1369:33)\n#42     TextTreeRenderer.render (package:flutter/src/foundation/diagnostics.dart:1125:14)\n#43     TextTreeRenderer._debugRender (package:flutter/src/foundation/diagnostics.dart:1369:33)\n#44     TextTreeRenderer.render (package:flutter/src/foundation/diagnostics.dart:1125:14)\n#45     TextTreeRenderer._debugRender (package:flutter/src/foundation/diagnostics.dart:1369:33)\n#46     TextTreeRenderer.render (package:flutter/src/foundation/diagnostics.dart:1125:14)\n#47     TextTreeRenderer._debugRender (package:flutter/src/foundation/diagnostics.dart:1369:33)\n#48     TextTreeRenderer.render (package:flutter/src/foundation/diagnostics.dart:1125:14)\n#49     TextTreeRenderer._debugRender (package:flutter/src/foundation/diagnostics.dart:1390:33)\n#50     TextTreeRenderer.render (package:flutter/src/foundation/diagnostics.dart:1125:14)\n#51     TextTreeRenderer._debugRender (package:flutter/src/foundation/diagnostics.dart:1369:33)\n#52     TextTreeRenderer.render (package:flutter/src/foundation/diagnostics.dart:1125:14)\n#53     TextTreeRenderer._debugRender (package:flutter/src/foundation/diagnostics.dart:1369:33)\n#54     TextTreeRenderer.render (package:flutter/src/foundation/diagnostics.dart:1125:14)\n#55     TextTreeRenderer._debugRender (package:flutter/src/foundation/diagnostics.dart:1369:33)\n#56     TextTreeRenderer.render (package:flutter/src/foundation/diagnostics.dart:1125:14)\n#57     TextTreeRenderer._debugRender (package:flutter/src/foundation/diagnostics.dart:1369:33)\n#58     TextTreeRenderer.render (package:flutter/src/foundation/diagnostics.dart:1125:14)\n#59     TextTreeRenderer._debugRender (package:flutter/src/foundation/diagnostics.dart:1369:33)\n#60     TextTreeRenderer.render (package:flutter/src/foundation/diagnostics.dart:1125:14)\n#61     TextTreeRenderer._debugRender (package:flutter/src/foundation/diagnostics.dart:1369:33)\n#62     TextTreeRenderer.render (package:flutter/src/foundation/diagnostics.dart:1125:14)\n#63     TextTreeRenderer._debugRender (package:flutter/src/foundation/diagnostics.dart:1369:33)\n#64     TextTreeRenderer.render (package:flutter/src/foundation/diagnostics.dart:1125:14)\n#65     TextTreeRenderer._debugRender (package:flutter/src/foundation/diagnostics.dart:1369:33)\n#66     TextTreeRenderer.render (package:flutter/src/foundation/diagnostics.dart:1125:14)\n#67     TextTreeRenderer._debugRender (package:flutter/src/foundation/diagnostics.dart:1369:33)\n#68     TextTreeRenderer.render (package:flutter/src/foundation/diagnostics.dart:1125:14)\n#69     TextTreeRenderer._debugRender (package:flutter/src/foundation/diagnostics.dart:1369:33)\n#70     TextTreeRenderer.render (package:flutter/src/foundation/diagnostics.dart:1125:14)\n#71     TextTreeRenderer._debugRender (package:flutter/src/foundation/diagnostics.dart:1369:33)\n#72     TextTreeRenderer.render (package:flutter/src/foundation/diagnostics.dart:1125:14)\n#73     TextTreeRenderer._debugRender (package:flutter/src/foundation/diagnostics.dart:1369:33)\n#74     TextTreeRenderer.render (package:flutter/src/foundation/diagnostics.dart:1125:14)\n#75     TextTreeRenderer._debugRender (package:flutter/src/foundation/diagnostics.dart:1369:33)\n#76     TextTreeRenderer.render (package:flutter/src/foundation/diagnostics.dart:1125:14)\n#77     TextTreeRenderer._debugRender (package:flutter/src/foundation/diagnostics.dart:1369:33)\n#78     TextTreeRenderer.render (package:flutter/src/foundation/diagnostics.dart:1125:14)\n#79     TextTreeRenderer._debugRender (package:flutter/src/foundation/diagnostics.dart:1390:33)\n#80     TextTreeRenderer.render (package:flutter/src/foundation/diagnostics.dart:1125:14)\n#81     TextTreeRenderer._debugRender (package:flutter/src/foundation/diagnostics.dart:1369:33)\n#82     TextTreeRenderer.render (package:flutter/src/foundation/diagnostics.dart:1125:14)\n#83     TextTreeRenderer._debugRender (package:flutter/src/foundation/diagnostics.dart:1369:33)\n#84     TextTreeRenderer.render (package:flutter/src/foundation/diagnostics.dart:1125:14)\n#85     TextTreeRenderer._debugRender (package:flutter/src/foundation/diagnostics.dart:1369:33)\n#86     TextTreeRenderer.render (package:flutter/src/foundation/diagnostics.dart:1125:14)\n#87     TextTreeRenderer._debugRender (package:flutter/src/foundation/diagnostics.dart:1369:33)\n#88     TextTreeRenderer.render (package:flutter/src/foundation/diagnostics.dart:1125:14)\n#89     TextTreeRenderer._debugRender (package:flutter/src/foundation/diagnostics.dart:1369:33)\n#90     TextTreeRenderer.render (package:flutter/src/foundation/diagnostics.dart:1125:14)\n#91     TextTreeRenderer._debugRender (package:flutter/src/foundation/diagnostics.dart:1369:33)\n#92     TextTreeRenderer.render (package:flutter/src/foundation/diagnostics.dart:1125:14)\n#93     TextTreeRenderer._debugRender (package:flutter/src/foundation/diagnostics.dart:1369:33)\n#94     TextTreeRenderer.render (package:flutter/src/foundation/diagnostics.dart:1125:14)\n#95     TextTreeRenderer._debugRender (package:flutter/src/foundation/diagnostics.dart:1369:33)\n#96     TextTreeRenderer.render (package:flutter/src/foundation/diagnostics.dart:1125:14)\n#97     TextTreeRenderer._debugRender (package:flutter/src/foundation/diagnostics.dart:1369:33)\n#98     TextTreeRenderer.render (package:flutter/src/foundation/diagnostics.dart:1125:14)\n#99     TextTreeRenderer._debugRender (package:flutter/src/foundation/diagnostics.dart:1369:33)\n#100    TextTreeRenderer.render (package:flutter/src/foundation/diagnostics.dart:1125:14)\n#101    TextTreeRenderer._debugRender (package:flutter/src/foundation/diagnostics.dart:1369:33)\n#102    TextTreeRenderer.render (package:flutter/src/foundation/diagnostics.dart:1125:14)\n#103    TextTreeRenderer._debugRender (package:flutter/src/foundation/diagnostics.dart:1369:33)\n#104    TextTreeRenderer.render (package:flutter/src/foundation/diagnostics.dart:1125:14)\n#105    TextTreeRenderer._debugRender (package:flutter/src/foundation/diagnostics.dart:1369:33)\n#106    TextTreeRenderer.render (package:flutter/src/foundation/diagnostics.dart:1125:14)\n#107    TextTreeRenderer._debugRender (package:flutter/src/foundation/diagnostics.dart:1369:33)\n#108    TextTreeRenderer.render (package:flutter/src/foundation/diagnostics.dart:1125:14)\n#109    TextTreeRenderer._debugRender (package:flutter/src/foundation/diagnostics.dart:1369:33)\n#110    TextTreeRenderer.render (package:flutter/src/foundation/diagnostics.dart:1125:14)\n#111    TextTreeRenderer._debugRender (package:flutter/src/foundation/diagnostics.dart:1369:33)\n#112    TextTreeRenderer.render (package:flutter/src/foundation/diagnostics.dart:1125:14)\n#113    TextTreeRenderer._debugRender (package:flutter/src/foundation/diagnostics.dart:1369:33)\n#114    TextTreeRenderer.render (package:flutter/src/foundation/diagnostics.dart:1125:14)\n#115    TextTreeRenderer._debugRender (package:flutter/src/foundation/diagnostics.dart:1369:33)\n#116    TextTreeRenderer.render (package:flutter/src/foundation/diagnostics.dart:1125:14)\n#117    TextTreeRenderer._debugRender (package:flutter/src/foundation/diagnostics.dart:1369:33)\n#118    TextTreeRenderer.render (package:flutter/src/foundation/diagnostics.dart:1125:14)\n#119    TextTreeRenderer._debugRender (package:flutter/src/foundation/diagnostics.dart:1369:33)\n#120    TextTreeRenderer.render (package:flutter/src/foundation/diagnostics.dart:1125:14)\n#121    TextTreeRenderer._debugRender (package:flutter/src/foundation/diagnostics.dart:1369:33)\n#122    TextTreeRenderer.render (package:flutter/src/foundation/diagnostics.dart:1125:14)\n#123    TextTreeRenderer._debugRender (package:flutter/src/foundation/diagnostics.dart:1369:33)\n#124    TextTreeRenderer.render (package:flutter/src/foundation/diagnostics.dart:1125:14)\n#125    TextTreeRenderer._debugRender (package:flutter/src/foundation/diagnostics.dart:1369:33)\n#126    TextTreeRenderer.render (package:flutter/src/foundation/diagnostics.dart:1125:14)\n#127    TextTreeRenderer._debugRender (package:flutter/src/foundation/diagnostics.dart:1369:33)\n#128    TextTreeRenderer.render (package:flutter/src/foundation/diagnostics.dart:1125:14)\n#129    TextTreeRenderer._debugRender (package:flutter/src/foundation/diagnostics.dart:1369:33)\n#130    TextTreeRenderer.render (package:flutter/src/foundation/diagnostics.dart:1125:14)\n#131    DiagnosticsNode.toStringDeep.<anonymous closure> (package:flutter/src/foundation/diagnostics.dart:1782:9)\n#132    DiagnosticsNode.toStringDeep (package:flutter/src/foundation/diagnostics.dart:1789:6)\n#133    DiagnosticableTreeMixin.toStringDeep (package:flutter/src/foundation/diagnostics.dart:3424:32)\n#134    RenderObject.toStringDeep.<anonymous closure> (package:flutter/src/rendering/object.dart:3906:54)\n#135    RenderObject._withDebugActiveLayoutCleared (package:flutter/src/rendering/object.dart:1936:27)\n#136    RenderObject.toStringDeep (package:flutter/src/rendering/object.dart:3906:12)\n#137    _debugCollectRenderTrees (package:flutter/src/rendering/binding.dart:638:18)\n#138    RendererBinding.initServiceExtensions.<anonymous closure> (package:flutter/src/rendering/binding.dart:163:21)\n#139    BindingBase.registerServiceExtension.<anonymous closure> (package:flutter/src/foundation/binding.dart:944:32)\n<asynchronous suspension>\n#140    _runExtension.<anonymous closure> (dart:developer-patch/developer.dart:112:11)\n<asynchronous suspension>\n","method":"ext.flutter.debugDumpRenderTree"}

```
#0      new _OutstandingRequest (package:vm_service/src/vm_service.dart:265:34)
#1      VmService._call.<anonymous closure> (package:vm_service/src/vm_service.dart:1771:25)
#2      VmService._call (package:vm_service/src/vm_service.dart:1783:8)
#3      VmService.callServiceExtension (package:vm_service/src/vm_service.dart:1733:14)
#4      FlutterVmService._checkedCallServiceExtension (package:flutter_tools/src/vmservice.dart:868:28)
#5      FlutterVmService.invokeFlutterExtensionRpcRaw (package:flutter_tools/src/vmservice.dart:887:49)
#6      FlutterVmService.flutterDebugDumpRenderTree (package:flutter_tools/src/vmservice.dart:624:50)
#7      ResidentHandlers.debugDumpRenderTree (package:flutter_tools/src/resident_runner.dart:698:53)
<asynchronous suspension>
#8      TerminalHandler.processTerminalInput (package:flutter_tools/src/resident_runner.dart:1837:7)
<asynchronous suspension>
```

## flutter doctor

```
[32m[✓][39m Flutter (Channel stable, 3.19.3, on Microsoft Windows [Version 10.0.22000.2538], locale en-US)
    [32m•[39m Flutter version 3.19.3 on channel stable at C:\src\flutter
    [32m•[39m Upstream repository https://github.com/flutter/flutter.git
    [32m•[39m Framework revision ba39319843 (4 weeks ago), 2024-03-07 15:22:21 -0600
    [32m•[39m Engine revision 2e4ba9c6fb
    [32m•[39m Dart version 3.3.1
    [32m•[39m DevTools version 2.31.1

[32m[✓][39m Windows Version (Installed version of Windows is version 10 or higher)

[33m[!][39m Android toolchain - develop for Android devices (Android SDK version 34.0.0)
    [32m•[39m Android SDK at C:\Users\USER\AppData\Local\Android\sdk
    [32m•[39m Platform android-34-ext10, build-tools 34.0.0
    [32m•[39m Java binary at: C:\Program Files\Android\Android Studio\jre\bin\java
    [32m•[39m Java version OpenJDK Runtime Environment (build 11.0.12+7-b1504.28-7817840)
    [31m✗[39m Android license status unknown.
      Run `flutter doctor --android-licenses` to accept the SDK licenses.
      See https://flutter.dev/docs/get-started/install/windows#android-setup for more details.

[32m[✓][39m Chrome - develop for the web
    [32m•[39m Chrome at C:\Program Files (x86)\Google\Chrome\Application\chrome.exe

[33m[!][39m Visual Studio - develop Windows apps (Visual Studio Build Tools 2019 16.11.34)
    [32m•[39m Visual Studio at C:\Program Files (x86)\Microsoft Visual Studio\2019\BuildTools
    [32m•[39m Visual Studio Build Tools 2019 version 16.11.34601.136
    [31m✗[39m The current Visual Studio installation is incomplete.
      Please use Visual Studio Installer to complete the installation or reinstall Visual Studio.

[32m[✓][39m Android Studio (version 2021.2)
    [32m•[39m Android Studio at C:\Program Files\Android\Android Studio
    [32m•[39m Flutter plugin can be installed from:
      🔨 https://plugins.jetbrains.com/plugin/9212-flutter
    [32m•[39m Dart plugin can be installed from:
      🔨 https://plugins.jetbrains.com/plugin/6351-dart
    [32m•[39m Java version OpenJDK Runtime Environment (build 11.0.12+7-b1504.28-7817840)

[32m[✓][39m VS Code (version 1.87.2)
    [32m•[39m VS Code at C:\Users\USER\AppData\Local\Programs\Microsoft VS Code
    [32m•[39m Flutter extension version 3.84.0

[32m[✓][39m Connected device (4 available)
    [32m•[39m sdk gphone64 x86 64 (mobile) • emulator-5554 • android-x64    • Android 12 (API 32) (emulator)
    [32m•[39m Windows (desktop)            • windows       • windows-x64    • Microsoft Windows [Version 10.0.22000.2538]
    [32m•[39m Chrome (web)                 • chrome        • web-javascript • Google Chrome 123.0.6312.86
    [32m•[39m Edge (web)                   • edge          • web-javascript • Microsoft Edge 123.0.2420.65

[32m[✓][39m Network resources
    [32m•[39m All expected network resources are available.

[33m![39m Doctor found issues in 2 categories.
```
